<?xml version="1.0" encoding="UTF-8"?>
<!-- Generated by org.testng.reporters.JUnitReportReporter -->
<testsuite skipped="0" hostname="Umer" name="utility.exceldataprovider" tests="3" failures="0" timestamp="08 Dec 2018 14:11:23 GMT" time="16.961" errors="0">
  <testcase name="test1" time="3.544" classname="utility.exceldataprovider"/>
  <testcase name="test1" time="9.952" classname="utility.exceldataprovider"/>
  <testcase name="test1" time="3.465" classname="utility.exceldataprovider"/>
</testsuite> <!-- utility.exceldataprovider -->
