<?xml version="1.0" encoding="UTF-8"?>
<!-- Generated by org.testng.reporters.JUnitReportReporter -->
<testsuite skipped="0" hostname="Umer" name="test.TEst1_googleSearch_TestNG_Demo2" tests="1" failures="0" timestamp="06 Dec 2018 20:23:38 GMT" time="10.446" errors="0">
  <testcase name="googleSearch3" time="10.446" classname="test.TEst1_googleSearch_TestNG_Demo2"/>
</testsuite> <!-- test.TEst1_googleSearch_TestNG_Demo2 -->
