<?xml version="1.0" encoding="UTF-8"?>
<!-- Generated by org.testng.reporters.JUnitReportReporter -->
<testsuite skipped="1" hostname="Umer" name="listners.testNGListnerDemo2" tests="3" failures="0" timestamp="08 Dec 2018 20:26:54 GMT" time="0.010" errors="0">
  <testcase name="test4" time="0.004" classname="listners.testNGListnerDemo2"/>
  <testcase name="test6" time="0.003" classname="listners.testNGListnerDemo2">
    <skipped/>
  </testcase> <!-- test6 -->
  <testcase name="test5" time="0.003" classname="listners.testNGListnerDemo2"/>
</testsuite> <!-- listners.testNGListnerDemo2 -->
