<?xml version="1.0" encoding="UTF-8"?>
<!-- Generated by org.testng.reporters.JUnitReportReporter -->
<testsuite skipped="0" hostname="Umer" name="Katalone.Test1" tests="1" failures="0" timestamp="31 Aug 2019 10:58:11 GMT" time="18.213" errors="0">
  <testcase name="test1" time="18.213" classname="Katalone.Test1"/>
</testsuite> <!-- Katalone.Test1 -->
