<?xml version="1.0" encoding="UTF-8"?>
<!-- Generated by org.testng.reporters.JUnitReportReporter -->
<testsuite skipped="0" hostname="Umer" name="Paremeters.TestNGParameters" tests="1" failures="0" timestamp="13 Dec 2018 10:36:37 GMT" time="0.011" errors="0">
  <testcase name="Test" time="0.011" classname="Paremeters.TestNGParameters"/>
</testsuite> <!-- Paremeters.TestNGParameters -->
