<?xml version="1.0" encoding="UTF-8"?>
<!-- Generated by org.testng.reporters.JUnitReportReporter -->
<testsuite skipped="0" hostname="Umer" name="test.ExtentReportDemoWithTestNG" tests="2" failures="0" timestamp="05 Dec 2018 20:49:14 GMT" time="7.035" errors="0">
  <testcase name="test1" time="5.359" classname="test.ExtentReportDemoWithTestNG"/>
  <testcase name="test2" time="1.676" classname="test.ExtentReportDemoWithTestNG"/>
</testsuite> <!-- test.ExtentReportDemoWithTestNG -->
