<?xml version="1.0" encoding="UTF-8"?>
<!-- Generated by org.testng.reporters.JUnitReportReporter -->
<testsuite skipped="1" hostname="Umer" name="TestNGIgnore.TestNGIgnoreDemo" tests="2" failures="0" timestamp="13 Dec 2018 11:06:26 GMT" time="0.012" errors="0">
  <testcase name="test2" time="0.012" classname="TestNGIgnore.TestNGIgnoreDemo"/>
  <testcase name="test1" classname="TestNGIgnore.TestNGIgnoreDemo">
    <skipped/>
  </testcase> <!-- test1 -->
</testsuite> <!-- TestNGIgnore.TestNGIgnoreDemo -->
