<?xml version="1.0" encoding="UTF-8"?>
<!-- Generated by org.testng.reporters.JUnitReportReporter -->
<testsuite skipped="0" hostname="Umer" name="test.TEst1_googleSearch_TestNG_Demo" tests="1" failures="0" timestamp="27 Jul 2019 12:59:06 GMT" time="22.582" errors="0">
  <testcase name="googleSearch" time="22.582" classname="test.TEst1_googleSearch_TestNG_Demo"/>
</testsuite> <!-- test.TEst1_googleSearch_TestNG_Demo -->
