<?xml version="1.0" encoding="UTF-8"?>
<!-- Generated by org.testng.reporters.JUnitReportReporter -->
<testsuite skipped="0" hostname="Umer" name="TestNGDependency.TestNGDependencyDemo" tests="3" failures="0" timestamp="13 Dec 2018 10:59:50 GMT" time="0.014" errors="0">
  <testcase name="Test2" time="0.011" classname="TestNGDependency.TestNGDependencyDemo"/>
  <testcase name="Test3" time="0.002" classname="TestNGDependency.TestNGDependencyDemo"/>
  <testcase name="Test1" time="0.001" classname="TestNGDependency.TestNGDependencyDemo"/>
</testsuite> <!-- TestNGDependency.TestNGDependencyDemo -->
