<?xml version="1.0" encoding="UTF-8"?>
<!-- Generated by org.testng.reporters.JUnitReportReporter -->
<testsuite skipped="0" hostname="Umer" name="Katalone.Test1" tests="1" failures="0" timestamp="13 Dec 2018 20:53:52 GMT" time="13.370" errors="0">
  <testcase name="test1" time="13.370" classname="Katalone.Test1"/>
</testsuite> <!-- Katalone.Test1 -->
