<?xml version="1.0" encoding="UTF-8"?>
<!-- Generated by org.testng.reporters.JUnitReportReporter -->
<testsuite skipped="0" hostname="Umer" name="Priority.testpriority" tests="3" failures="0" timestamp="09 Dec 2018 12:28:32 GMT" time="0.016" errors="0">
  <testcase name="test2" time="0.012" classname="Priority.testpriority"/>
  <testcase name="test1" time="0.002" classname="Priority.testpriority"/>
  <testcase name="test3" time="0.002" classname="Priority.testpriority"/>
</testsuite> <!-- Priority.testpriority -->
