<?xml version="1.0" encoding="UTF-8"?>
<!-- Generated by org.testng.reporters.JUnitReportReporter -->
<testsuite skipped="1" hostname="Umer" name="listners.testNGListnerDemo2" tests="3" failures="0" timestamp="16 Dec 2018 14:31:39 GMT" time="0.004" errors="0">
  <testcase name="test4" time="0.001" classname="listners.testNGListnerDemo2"/>
  <testcase name="test5" time="0.001" classname="listners.testNGListnerDemo2"/>
  <testcase name="test6" time="0.002" classname="listners.testNGListnerDemo2">
    <skipped/>
  </testcase> <!-- test6 -->
</testsuite> <!-- listners.testNGListnerDemo2 -->
