<?xml version="1.0" encoding="UTF-8"?>
<!-- Generated by org.testng.reporters.JUnitReportReporter -->
<testsuite skipped="0" hostname="Umer" name="TestNGGroups.TestNGGroupTest" tests="4" failures="0" timestamp="16 Dec 2018 14:19:04 GMT" time="0.019" errors="0">
  <testcase name="Test1" time="0.015" classname="TestNGGroups.TestNGGroupTest"/>
  <testcase name="Test4" time="0.002" classname="TestNGGroups.TestNGGroupTest"/>
  <testcase name="Test2" time="0.001" classname="TestNGGroups.TestNGGroupTest"/>
  <testcase name="Test3" time="0.001" classname="TestNGGroups.TestNGGroupTest"/>
</testsuite> <!-- TestNGGroups.TestNGGroupTest -->
