<?xml version="1.0" encoding="UTF-8"?>
<!-- Generated by org.testng.reporters.JUnitReportReporter -->
<testsuite skipped="0" hostname="Umer" name="test.TEst1_googleSearch_TestNG_Demo" tests="1" failures="0" timestamp="07 Dec 2018 21:09:32 GMT" time="9.845" errors="0">
  <testcase name="googleSearch" time="9.845" classname="test.TEst1_googleSearch_TestNG_Demo"/>
</testsuite> <!-- test.TEst1_googleSearch_TestNG_Demo -->
