<?xml version="1.0" encoding="UTF-8"?>
<!-- Generated by org.testng.reporters.JUnitReportReporter -->
<testsuite skipped="0" hostname="Umer" name="TestNGGroups.TestNGGroupTest" tests="4" failures="0" timestamp="13 Dec 2018 09:13:46 GMT" time="0.016" errors="0">
  <testcase name="Test1" time="0.012" classname="TestNGGroups.TestNGGroupTest"/>
  <testcase name="Test4" time="0.004" classname="TestNGGroups.TestNGGroupTest"/>
  <testcase name="Test3" time="0.000" classname="TestNGGroups.TestNGGroupTest"/>
  <testcase name="Test2" time="0.000" classname="TestNGGroups.TestNGGroupTest"/>
</testsuite> <!-- TestNGGroups.TestNGGroupTest -->
